============================================================
[2026-03-10T17:52:41.233Z] INCIDENTE CRITICO DETECTADO
IP Origen     : 
Metodo HTTP   : undefined
Ruta accedida : undefined
User-Agent    : sqlmap/1.7.8#stable
Severidad     : CRITICO
Body          : {"cmd":"admin","pass":"1 OR 1=1--"}
Acciones      : Telegram notificado | MailHog enviado | Registro en PostgreSQL
============================================================

============================================================
[2026-03-10T18:04:08.353Z] INCIDENTE CRITICO DETECTADO
IP Origen     : 
Metodo HTTP   : undefined
Ruta accedida : undefined
User-Agent    : sqlmap/1.7.8#stable
Severidad     : CRITICO
Body          : {"cmd":"admin","pass":"1 OR 1=1--"}
Acciones      : Telegram notificado | MailHog enviado | Registro en PostgreSQL
============================================================

============================================================
[2026-03-10T18:06:33.697Z] INCIDENTE CRITICO DETECTADO
IP Origen     : 
Metodo HTTP   : undefined
Ruta accedida : undefined
User-Agent    : sqlmap/1.4.11 (http://sqlmap.org)
Severidad     : CRITICO
Body          : {"{\"test\": \"probando trap\"}":""}
Acciones      : Telegram notificado | MailHog enviado | Registro en PostgreSQL
============================================================

============================================================
[2026-03-10T18:07:21.457Z] INCIDENTE CRITICO DETECTADO
IP Origen     : 
Metodo HTTP   : undefined
Ruta accedida : undefined
User-Agent    : sqlmap/1.4.11 (http://sqlmap.org)
Severidad     : CRITICO
Body          : {"{\"test\": \"probando trap\"}":""}
Acciones      : Telegram notificado | MailHog enviado | Registro en PostgreSQL
============================================================

